wear/build/intermediates/manifest_merge_blame_file/fullRelease/manifest-merger-blame-full-release-report.txt
1<?xml version="1.0" encoding="utf-8"?>
2<manifest xmlns:android="http://schemas.android.com/apk/res/android"
3    package="info.nightscout.androidaps"
4    android:versionCode="2"
5    android:versionName="unspecified" >
6
7    <uses-sdk
8        android:minSdkVersion="23"
8-->src/main/AndroidManifest.xml
9        android:targetSdkVersion="28" />
9-->src/main/AndroidManifest.xml
10
11    <uses-feature android:name="android.hardware.type.watch" />
11-->src/main/AndroidManifest.xml:5:5-64
11-->src/main/AndroidManifest.xml:5:19-61
12
13    <uses-permission android:name="com.google.android.permission.PROVIDE_BACKGROUND" />
13-->src/main/AndroidManifest.xml:7:5-88
13-->src/main/AndroidManifest.xml:7:22-85
14    <uses-permission android:name="android.permission.WAKE_LOCK" />
14-->src/main/AndroidManifest.xml:8:5-68
14-->src/main/AndroidManifest.xml:8:22-65
15    <uses-permission android:name="android.permission.VIBRATE" />
15-->src/main/AndroidManifest.xml:9:5-66
15-->src/main/AndroidManifest.xml:9:22-63
16
17    <application
17-->src/main/AndroidManifest.xml:12:5-551:19
18        android:name="info.nightscout.androidaps.Aaps"
18-->src/main/AndroidManifest.xml:13:9-29
19        android:allowBackup="true"
19-->src/main/AndroidManifest.xml:14:9-35
20        android:appComponentFactory="androidx.core.app.CoreComponentFactory"
20-->[androidx.core:core:1.3.0] AndroidManifest.xml:24:18-86
21        android:extractNativeLibs="false"
22        android:icon="@drawable/ic_icon"
22-->src/main/AndroidManifest.xml:15:9-41
23        android:label="@string/app_name"
23-->src/main/AndroidManifest.xml:16:9-41
24        android:theme="@android:style/Theme.DeviceDefault" >
24-->src/main/AndroidManifest.xml:17:9-59
25        <meta-data
25-->src/main/AndroidManifest.xml:18:9-20:69
26            android:name="com.google.android.gms.version"
26-->src/main/AndroidManifest.xml:19:13-58
27            android:value="@integer/google_play_services_version" />
27-->src/main/AndroidManifest.xml:20:13-66
28
29        <service
29-->src/main/AndroidManifest.xml:22:9-41:19
30            android:name="info.nightscout.androidaps.watchfaces.BIGChart"
30-->src/main/AndroidManifest.xml:23:13-48
31            android:allowEmbedded="true"
31-->src/main/AndroidManifest.xml:24:13-41
32            android:label="@string/label_xdrip_big_chart"
32-->src/main/AndroidManifest.xml:25:13-58
33            android:permission="android.permission.BIND_WALLPAPER" >
33-->src/main/AndroidManifest.xml:26:13-67
34            <meta-data
34-->src/main/AndroidManifest.xml:27:13-29:54
35                android:name="android.service.wallpaper"
35-->src/main/AndroidManifest.xml:28:17-57
36                android:resource="@xml/watch_face" />
36-->src/main/AndroidManifest.xml:29:17-51
37            <meta-data
37-->src/main/AndroidManifest.xml:30:13-32:67
38                android:name="com.google.android.wearable.watchface.preview"
38-->src/main/AndroidManifest.xml:31:17-77
39                android:resource="@drawable/watchface_bigchart" />
39-->src/main/AndroidManifest.xml:32:17-64
40            <meta-data
40-->src/main/AndroidManifest.xml:33:13-35:69
41                android:name="com.google.android.wearable.watchface.wearableConfigurationAction"
41-->src/main/AndroidManifest.xml:34:17-97
42                android:value="watch_face_configuration_bigchart" />
42-->src/main/AndroidManifest.xml:35:17-66
43
44            <intent-filter>
44-->src/main/AndroidManifest.xml:37:13-40:29
45                <action android:name="android.service.wallpaper.WallpaperService" />
45-->src/main/AndroidManifest.xml:38:17-85
45-->src/main/AndroidManifest.xml:38:25-82
46
47                <category android:name="com.google.android.wearable.watchface.category.WATCH_FACE" />
47-->src/main/AndroidManifest.xml:39:17-102
47-->src/main/AndroidManifest.xml:39:27-99
48            </intent-filter>
49        </service>
50        <service
50-->src/main/AndroidManifest.xml:43:9-62:19
51            android:name="info.nightscout.androidaps.watchfaces.NOChart"
51-->src/main/AndroidManifest.xml:44:13-47
52            android:allowEmbedded="true"
52-->src/main/AndroidManifest.xml:45:13-41
53            android:label="@string/label_xdrip_no_chart"
53-->src/main/AndroidManifest.xml:46:13-57
54            android:permission="android.permission.BIND_WALLPAPER" >
54-->src/main/AndroidManifest.xml:47:13-67
55            <meta-data
55-->src/main/AndroidManifest.xml:27:13-29:54
56                android:name="android.service.wallpaper"
56-->src/main/AndroidManifest.xml:28:17-57
57                android:resource="@xml/watch_face" />
57-->src/main/AndroidManifest.xml:29:17-51
58            <meta-data
58-->src/main/AndroidManifest.xml:30:13-32:67
59                android:name="com.google.android.wearable.watchface.preview"
59-->src/main/AndroidManifest.xml:31:17-77
60                android:resource="@drawable/watchface_nochart" />
60-->src/main/AndroidManifest.xml:32:17-64
61            <meta-data
61-->src/main/AndroidManifest.xml:33:13-35:69
62                android:name="com.google.android.wearable.watchface.wearableConfigurationAction"
62-->src/main/AndroidManifest.xml:34:17-97
63                android:value="watch_face_configuration_nochart" />
63-->src/main/AndroidManifest.xml:35:17-66
64
65            <intent-filter>
65-->src/main/AndroidManifest.xml:37:13-40:29
66                <action android:name="android.service.wallpaper.WallpaperService" />
66-->src/main/AndroidManifest.xml:38:17-85
66-->src/main/AndroidManifest.xml:38:25-82
67
68                <category android:name="com.google.android.wearable.watchface.category.WATCH_FACE" />
68-->src/main/AndroidManifest.xml:39:17-102
68-->src/main/AndroidManifest.xml:39:27-99
69            </intent-filter>
70        </service>
71        <service
71-->src/main/AndroidManifest.xml:64:9-83:19
72            android:name="info.nightscout.androidaps.watchfaces.Home"
72-->src/main/AndroidManifest.xml:65:13-44
73            android:allowEmbedded="true"
73-->src/main/AndroidManifest.xml:66:13-41
74            android:label="@string/label_xdrip"
74-->src/main/AndroidManifest.xml:67:13-48
75            android:permission="android.permission.BIND_WALLPAPER" >
75-->src/main/AndroidManifest.xml:68:13-67
76            <meta-data
76-->src/main/AndroidManifest.xml:27:13-29:54
77                android:name="android.service.wallpaper"
77-->src/main/AndroidManifest.xml:28:17-57
78                android:resource="@xml/watch_face" />
78-->src/main/AndroidManifest.xml:29:17-51
79            <meta-data
79-->src/main/AndroidManifest.xml:30:13-32:67
80                android:name="com.google.android.wearable.watchface.preview"
80-->src/main/AndroidManifest.xml:31:17-77
81                android:resource="@drawable/watchface_graph" />
81-->src/main/AndroidManifest.xml:32:17-64
82            <meta-data
82-->src/main/AndroidManifest.xml:33:13-35:69
83                android:name="com.google.android.wearable.watchface.wearableConfigurationAction"
83-->src/main/AndroidManifest.xml:34:17-97
84                android:value="watch_face_configuration_home" />
84-->src/main/AndroidManifest.xml:35:17-66
85
86            <intent-filter>
86-->src/main/AndroidManifest.xml:37:13-40:29
87                <action android:name="android.service.wallpaper.WallpaperService" />
87-->src/main/AndroidManifest.xml:38:17-85
87-->src/main/AndroidManifest.xml:38:25-82
88
89                <category android:name="com.google.android.wearable.watchface.category.WATCH_FACE" />
89-->src/main/AndroidManifest.xml:39:17-102
89-->src/main/AndroidManifest.xml:39:27-99
90            </intent-filter>
91        </service>
92        <service
92-->src/main/AndroidManifest.xml:85:9-104:19
93            android:name="info.nightscout.androidaps.watchfaces.Home2"
93-->src/main/AndroidManifest.xml:86:13-45
94            android:allowEmbedded="true"
94-->src/main/AndroidManifest.xml:87:13-41
95            android:label="@string/label_xdrip_v2"
95-->src/main/AndroidManifest.xml:88:13-51
96            android:permission="android.permission.BIND_WALLPAPER" >
96-->src/main/AndroidManifest.xml:89:13-67
97            <meta-data
97-->src/main/AndroidManifest.xml:27:13-29:54
98                android:name="android.service.wallpaper"
98-->src/main/AndroidManifest.xml:28:17-57
99                android:resource="@xml/watch_face" />
99-->src/main/AndroidManifest.xml:29:17-51
100            <meta-data
100-->src/main/AndroidManifest.xml:30:13-32:67
101                android:name="com.google.android.wearable.watchface.preview"
101-->src/main/AndroidManifest.xml:31:17-77
102                android:resource="@drawable/watchface_graph_2" />
102-->src/main/AndroidManifest.xml:32:17-64
103            <meta-data
103-->src/main/AndroidManifest.xml:33:13-35:69
104                android:name="com.google.android.wearable.watchface.wearableConfigurationAction"
104-->src/main/AndroidManifest.xml:34:17-97
105                android:value="watch_face_configuration_home2" />
105-->src/main/AndroidManifest.xml:35:17-66
106
107            <intent-filter>
107-->src/main/AndroidManifest.xml:37:13-40:29
108                <action android:name="android.service.wallpaper.WallpaperService" />
108-->src/main/AndroidManifest.xml:38:17-85
108-->src/main/AndroidManifest.xml:38:25-82
109
110                <category android:name="com.google.android.wearable.watchface.category.WATCH_FACE" />
110-->src/main/AndroidManifest.xml:39:17-102
110-->src/main/AndroidManifest.xml:39:27-99
111            </intent-filter>
112        </service>
113        <service
113-->src/main/AndroidManifest.xml:106:9-125:19
114            android:name="info.nightscout.androidaps.watchfaces.Cockpit"
114-->src/main/AndroidManifest.xml:107:13-47
115            android:allowEmbedded="true"
115-->src/main/AndroidManifest.xml:108:13-41
116            android:label="@string/label_xdrip_cockpit"
116-->src/main/AndroidManifest.xml:109:13-56
117            android:permission="android.permission.BIND_WALLPAPER" >
117-->src/main/AndroidManifest.xml:110:13-67
118            <meta-data
118-->src/main/AndroidManifest.xml:27:13-29:54
119                android:name="android.service.wallpaper"
119-->src/main/AndroidManifest.xml:28:17-57
120                android:resource="@xml/watch_face" />
120-->src/main/AndroidManifest.xml:29:17-51
121            <meta-data
121-->src/main/AndroidManifest.xml:30:13-32:67
122                android:name="com.google.android.wearable.watchface.preview"
122-->src/main/AndroidManifest.xml:31:17-77
123                android:resource="@drawable/watchface_cockpit" />
123-->src/main/AndroidManifest.xml:32:17-64
124            <meta-data
124-->src/main/AndroidManifest.xml:33:13-35:69
125                android:name="com.google.android.wearable.watchface.wearableConfigurationAction"
125-->src/main/AndroidManifest.xml:34:17-97
126                android:value="watch_face_configuration_cockpit" />
126-->src/main/AndroidManifest.xml:35:17-66
127
128            <intent-filter>
128-->src/main/AndroidManifest.xml:37:13-40:29
129                <action android:name="android.service.wallpaper.WallpaperService" />
129-->src/main/AndroidManifest.xml:38:17-85
129-->src/main/AndroidManifest.xml:38:25-82
130
131                <category android:name="com.google.android.wearable.watchface.category.WATCH_FACE" />
131-->src/main/AndroidManifest.xml:39:17-102
131-->src/main/AndroidManifest.xml:39:27-99
132            </intent-filter>
133        </service>
134        <service
134-->src/main/AndroidManifest.xml:127:9-146:19
135            android:name="info.nightscout.androidaps.watchfaces.Steampunk"
135-->src/main/AndroidManifest.xml:128:13-49
136            android:allowEmbedded="true"
136-->src/main/AndroidManifest.xml:129:13-41
137            android:label="@string/label_xdrip_steampunk"
137-->src/main/AndroidManifest.xml:130:13-58
138            android:permission="android.permission.BIND_WALLPAPER" >
138-->src/main/AndroidManifest.xml:131:13-67
139            <meta-data
139-->src/main/AndroidManifest.xml:27:13-29:54
140                android:name="android.service.wallpaper"
140-->src/main/AndroidManifest.xml:28:17-57
141                android:resource="@xml/watch_face" />
141-->src/main/AndroidManifest.xml:29:17-51
142            <meta-data
142-->src/main/AndroidManifest.xml:30:13-32:67
143                android:name="com.google.android.wearable.watchface.preview"
143-->src/main/AndroidManifest.xml:31:17-77
144                android:resource="@drawable/watchface_steampunk" />
144-->src/main/AndroidManifest.xml:32:17-64
145            <meta-data
145-->src/main/AndroidManifest.xml:33:13-35:69
146                android:name="com.google.android.wearable.watchface.wearableConfigurationAction"
146-->src/main/AndroidManifest.xml:34:17-97
147                android:value="watch_face_configuration_steampunk" />
147-->src/main/AndroidManifest.xml:35:17-66
148
149            <intent-filter>
149-->src/main/AndroidManifest.xml:37:13-40:29
150                <action android:name="android.service.wallpaper.WallpaperService" />
150-->src/main/AndroidManifest.xml:38:17-85
150-->src/main/AndroidManifest.xml:38:25-82
151
152                <category android:name="com.google.android.wearable.watchface.category.WATCH_FACE" />
152-->src/main/AndroidManifest.xml:39:17-102
152-->src/main/AndroidManifest.xml:39:27-99
153            </intent-filter>
154        </service>
155        <service
155-->src/main/AndroidManifest.xml:148:9-167:19
156            android:name="info.nightscout.androidaps.watchfaces.LargeHome"
156-->src/main/AndroidManifest.xml:149:13-49
157            android:allowEmbedded="true"
157-->src/main/AndroidManifest.xml:150:13-41
158            android:label="@string/label_xdrip_large"
158-->src/main/AndroidManifest.xml:151:13-54
159            android:permission="android.permission.BIND_WALLPAPER" >
159-->src/main/AndroidManifest.xml:152:13-67
160            <meta-data
160-->src/main/AndroidManifest.xml:27:13-29:54
161                android:name="android.service.wallpaper"
161-->src/main/AndroidManifest.xml:28:17-57
162                android:resource="@xml/watch_face" />
162-->src/main/AndroidManifest.xml:29:17-51
163            <meta-data
163-->src/main/AndroidManifest.xml:30:13-32:67
164                android:name="com.google.android.wearable.watchface.preview"
164-->src/main/AndroidManifest.xml:31:17-77
165                android:resource="@drawable/watchface_dark" />
165-->src/main/AndroidManifest.xml:32:17-64
166            <meta-data
166-->src/main/AndroidManifest.xml:33:13-35:69
167                android:name="com.google.android.wearable.watchface.wearableConfigurationAction"
167-->src/main/AndroidManifest.xml:34:17-97
168                android:value="watch_face_configuration_largehome" />
168-->src/main/AndroidManifest.xml:35:17-66
169
170            <intent-filter>
170-->src/main/AndroidManifest.xml:37:13-40:29
171                <action android:name="android.service.wallpaper.WallpaperService" />
171-->src/main/AndroidManifest.xml:38:17-85
171-->src/main/AndroidManifest.xml:38:25-82
172
173                <category android:name="com.google.android.wearable.watchface.category.WATCH_FACE" />
173-->src/main/AndroidManifest.xml:39:17-102
173-->src/main/AndroidManifest.xml:39:27-99
174            </intent-filter>
175        </service>
176        <service
176-->src/main/AndroidManifest.xml:168:9-187:19
177            android:name="info.nightscout.androidaps.watchfaces.CircleWatchface"
177-->src/main/AndroidManifest.xml:169:13-55
178            android:allowEmbedded="true"
178-->src/main/AndroidManifest.xml:170:13-41
179            android:label="@string/label_xdrip_circle"
179-->src/main/AndroidManifest.xml:171:13-55
180            android:permission="android.permission.BIND_WALLPAPER" >
180-->src/main/AndroidManifest.xml:172:13-67
181            <meta-data
181-->src/main/AndroidManifest.xml:27:13-29:54
182                android:name="android.service.wallpaper"
182-->src/main/AndroidManifest.xml:28:17-57
183                android:resource="@xml/watch_face" />
183-->src/main/AndroidManifest.xml:29:17-51
184            <meta-data
184-->src/main/AndroidManifest.xml:30:13-32:67
185                android:name="com.google.android.wearable.watchface.preview"
185-->src/main/AndroidManifest.xml:31:17-77
186                android:resource="@drawable/watchface_circle" />
186-->src/main/AndroidManifest.xml:32:17-64
187            <meta-data
187-->src/main/AndroidManifest.xml:33:13-35:69
188                android:name="com.google.android.wearable.watchface.wearableConfigurationAction"
188-->src/main/AndroidManifest.xml:34:17-97
189                android:value="watch_face_configuration_circle" />
189-->src/main/AndroidManifest.xml:35:17-66
190
191            <intent-filter>
191-->src/main/AndroidManifest.xml:37:13-40:29
192                <action android:name="android.service.wallpaper.WallpaperService" />
192-->src/main/AndroidManifest.xml:38:17-85
192-->src/main/AndroidManifest.xml:38:25-82
193
194                <category android:name="com.google.android.wearable.watchface.category.WATCH_FACE" />
194-->src/main/AndroidManifest.xml:39:17-102
194-->src/main/AndroidManifest.xml:39:27-99
195            </intent-filter>
196        </service>
197        <service
197-->src/main/AndroidManifest.xml:189:9-208:19
198            android:name="info.nightscout.androidaps.watchfaces.DigitalStyle"
198-->src/main/AndroidManifest.xml:190:13-52
199            android:allowEmbedded="true"
199-->src/main/AndroidManifest.xml:191:13-41
200            android:label="@string/label_digitalstyle"
200-->src/main/AndroidManifest.xml:192:13-55
201            android:permission="android.permission.BIND_WALLPAPER" >
201-->src/main/AndroidManifest.xml:193:13-67
202            <meta-data
202-->src/main/AndroidManifest.xml:27:13-29:54
203                android:name="android.service.wallpaper"
203-->src/main/AndroidManifest.xml:28:17-57
204                android:resource="@xml/watch_face" />
204-->src/main/AndroidManifest.xml:29:17-51
205            <meta-data
205-->src/main/AndroidManifest.xml:30:13-32:67
206                android:name="com.google.android.wearable.watchface.preview"
206-->src/main/AndroidManifest.xml:31:17-77
207                android:resource="@drawable/watchface_digitalstyle" />
207-->src/main/AndroidManifest.xml:32:17-64
208            <meta-data
208-->src/main/AndroidManifest.xml:33:13-35:69
209                android:name="com.google.android.wearable.watchface.wearableConfigurationAction"
209-->src/main/AndroidManifest.xml:34:17-97
210                android:value="watch_face_configuration_digitalstyle" />
210-->src/main/AndroidManifest.xml:35:17-66
211
212            <intent-filter>
212-->src/main/AndroidManifest.xml:37:13-40:29
213                <action android:name="android.service.wallpaper.WallpaperService" />
213-->src/main/AndroidManifest.xml:38:17-85
213-->src/main/AndroidManifest.xml:38:25-82
214
215                <category android:name="com.google.android.wearable.watchface.category.WATCH_FACE" />
215-->src/main/AndroidManifest.xml:39:17-102
215-->src/main/AndroidManifest.xml:39:27-99
216            </intent-filter>
217        </service>
218        <service android:name="info.nightscout.androidaps.data.ListenerService" >
218-->src/main/AndroidManifest.xml:210:9-270:19
218-->src/main/AndroidManifest.xml:210:18-54
219            <intent-filter>
219-->src/main/AndroidManifest.xml:211:13-269:29
220
221                <!-- <action android:name="com.google.android.gms.wearable.BIND_LISTENER" /> -->
222                <!-- listeners receive events that match the action and data filters -->
223                <action android:name="com.google.android.gms.wearable.CAPABILITY_CHANGED" />
223-->src/main/AndroidManifest.xml:214:17-93
223-->src/main/AndroidManifest.xml:214:25-90
224                <action android:name="com.google.android.gms.wearable.DATA_CHANGED" />
224-->src/main/AndroidManifest.xml:215:17-87
224-->src/main/AndroidManifest.xml:215:25-84
225
226                <data
226-->src/main/AndroidManifest.xml:217:17-220:45
227                    android:host="*"
227-->src/main/AndroidManifest.xml:218:21-37
228                    android:pathPrefix="/nightscout_watch_data"
228-->src/main/AndroidManifest.xml:219:21-64
229                    android:scheme="wear" />
229-->src/main/AndroidManifest.xml:220:21-42
230                <data
230-->src/main/AndroidManifest.xml:217:17-220:45
231                    android:host="*"
231-->src/main/AndroidManifest.xml:218:21-37
232                    android:pathPrefix="/nightscout_watch_data_resend"
232-->src/main/AndroidManifest.xml:219:21-64
233                    android:scheme="wear" />
233-->src/main/AndroidManifest.xml:220:21-42
234                <data
234-->src/main/AndroidManifest.xml:217:17-220:45
235                    android:host="*"
235-->src/main/AndroidManifest.xml:218:21-37
236                    android:pathPrefix="/nightscout_watch_cancel_bolus"
236-->src/main/AndroidManifest.xml:219:21-64
237                    android:scheme="wear" />
237-->src/main/AndroidManifest.xml:220:21-42
238                <data
238-->src/main/AndroidManifest.xml:217:17-220:45
239                    android:host="*"
239-->src/main/AndroidManifest.xml:218:21-37
240                    android:pathPrefix="/nightscout_watch_confirmactionstring"
240-->src/main/AndroidManifest.xml:219:21-64
241                    android:scheme="wear" />
241-->src/main/AndroidManifest.xml:220:21-42
242                <data
242-->src/main/AndroidManifest.xml:217:17-220:45
243                    android:host="*"
243-->src/main/AndroidManifest.xml:218:21-37
244                    android:pathPrefix="/nightscout_watch_initiateactionstring"
244-->src/main/AndroidManifest.xml:219:21-64
245                    android:scheme="wear" />
245-->src/main/AndroidManifest.xml:220:21-42
246                <data
246-->src/main/AndroidManifest.xml:217:17-220:45
247                    android:host="*"
247-->src/main/AndroidManifest.xml:218:21-37
248                    android:pathPrefix="/openwearsettings"
248-->src/main/AndroidManifest.xml:219:21-64
249                    android:scheme="wear" />
249-->src/main/AndroidManifest.xml:220:21-42
250                <data
250-->src/main/AndroidManifest.xml:217:17-220:45
251                    android:host="*"
251-->src/main/AndroidManifest.xml:218:21-37
252                    android:pathPrefix="/sendstatustowear"
252-->src/main/AndroidManifest.xml:219:21-64
253                    android:scheme="wear" />
253-->src/main/AndroidManifest.xml:220:21-42
254                <data
254-->src/main/AndroidManifest.xml:217:17-220:45
255                    android:host="*"
255-->src/main/AndroidManifest.xml:218:21-37
256                    android:pathPrefix="/sendpreferencestowear"
256-->src/main/AndroidManifest.xml:219:21-64
257                    android:scheme="wear" />
257-->src/main/AndroidManifest.xml:220:21-42
258                <data
258-->src/main/AndroidManifest.xml:217:17-220:45
259                    android:host="*"
259-->src/main/AndroidManifest.xml:218:21-37
260                    android:pathPrefix="/nightscout_watch_basal"
260-->src/main/AndroidManifest.xml:219:21-64
261                    android:scheme="wear" />
261-->src/main/AndroidManifest.xml:220:21-42
262                <data
262-->src/main/AndroidManifest.xml:217:17-220:45
263                    android:host="*"
263-->src/main/AndroidManifest.xml:218:21-37
264                    android:pathPrefix="/nightscout_watch_bolusprogress"
264-->src/main/AndroidManifest.xml:219:21-64
265                    android:scheme="wear" />
265-->src/main/AndroidManifest.xml:220:21-42
266                <data
266-->src/main/AndroidManifest.xml:217:17-220:45
267                    android:host="*"
267-->src/main/AndroidManifest.xml:218:21-37
268                    android:pathPrefix="/nightscout_watch_actionconfirmationrequest"
268-->src/main/AndroidManifest.xml:219:21-64
269                    android:scheme="wear" />
269-->src/main/AndroidManifest.xml:220:21-42
270                <data
270-->src/main/AndroidManifest.xml:217:17-220:45
271                    android:host="*"
271-->src/main/AndroidManifest.xml:218:21-37
272                    android:pathPrefix="/nightscout_watch_changeconfirmationrequest"
272-->src/main/AndroidManifest.xml:219:21-64
273                    android:scheme="wear" />
273-->src/main/AndroidManifest.xml:220:21-42
274                <data
274-->src/main/AndroidManifest.xml:217:17-220:45
275                    android:host="*"
275-->src/main/AndroidManifest.xml:218:21-37
276                    android:pathPrefix="/nightscout_watch_cancelnotificationrequest"
276-->src/main/AndroidManifest.xml:219:21-64
277                    android:scheme="wear" />
277-->src/main/AndroidManifest.xml:220:21-42
278            </intent-filter>
279        </service>
280        <service
280-->src/main/AndroidManifest.xml:272:9-287:19
281            android:name="info.nightscout.androidaps.complications.LongStatusComplication"
281-->src/main/AndroidManifest.xml:273:13-65
282            android:icon="@drawable/ic_aaps_full"
282-->src/main/AndroidManifest.xml:274:13-50
283            android:label="Full Status"
283-->src/main/AndroidManifest.xml:275:13-40
284            android:permission="com.google.android.wearable.permission.BIND_COMPLICATION_PROVIDER" >
284-->src/main/AndroidManifest.xml:276:13-99
285            <intent-filter>
285-->src/main/AndroidManifest.xml:277:13-279:29
286                <action android:name="android.support.wearable.complications.ACTION_COMPLICATION_UPDATE_REQUEST" />
286-->src/main/AndroidManifest.xml:278:17-116
286-->src/main/AndroidManifest.xml:278:25-113
287            </intent-filter>
288
289            <meta-data
289-->src/main/AndroidManifest.xml:281:13-283:45
290                android:name="android.support.wearable.complications.SUPPORTED_TYPES"
290-->src/main/AndroidManifest.xml:282:17-86
291                android:value="LONG_TEXT" />
291-->src/main/AndroidManifest.xml:283:17-42
292            <meta-data
292-->src/main/AndroidManifest.xml:284:13-286:39
293                android:name="android.support.wearable.complications.UPDATE_PERIOD_SECONDS"
293-->src/main/AndroidManifest.xml:285:17-92
294                android:value="300" />
294-->src/main/AndroidManifest.xml:286:17-36
295        </service>
296        <service
296-->src/main/AndroidManifest.xml:289:9-304:19
297            android:name="info.nightscout.androidaps.complications.LongStatusFlippedComplication"
297-->src/main/AndroidManifest.xml:290:13-72
298            android:icon="@drawable/ic_aaps_full"
298-->src/main/AndroidManifest.xml:291:13-50
299            android:label="Full Status (flipped)"
299-->src/main/AndroidManifest.xml:292:13-50
300            android:permission="com.google.android.wearable.permission.BIND_COMPLICATION_PROVIDER" >
300-->src/main/AndroidManifest.xml:293:13-99
301            <intent-filter>
301-->src/main/AndroidManifest.xml:277:13-279:29
302                <action android:name="android.support.wearable.complications.ACTION_COMPLICATION_UPDATE_REQUEST" />
302-->src/main/AndroidManifest.xml:278:17-116
302-->src/main/AndroidManifest.xml:278:25-113
303            </intent-filter>
304
305            <meta-data
305-->src/main/AndroidManifest.xml:281:13-283:45
306                android:name="android.support.wearable.complications.SUPPORTED_TYPES"
306-->src/main/AndroidManifest.xml:282:17-86
307                android:value="LONG_TEXT" />
307-->src/main/AndroidManifest.xml:283:17-42
308            <meta-data
308-->src/main/AndroidManifest.xml:284:13-286:39
309                android:name="android.support.wearable.complications.UPDATE_PERIOD_SECONDS"
309-->src/main/AndroidManifest.xml:285:17-92
310                android:value="300" />
310-->src/main/AndroidManifest.xml:286:17-36
311        </service>
312        <service
312-->src/main/AndroidManifest.xml:306:9-321:19
313            android:name="info.nightscout.androidaps.complications.SgvComplication"
313-->src/main/AndroidManifest.xml:307:13-58
314            android:icon="@drawable/ic_sgv"
314-->src/main/AndroidManifest.xml:308:13-44
315            android:label="Blood Glucose"
315-->src/main/AndroidManifest.xml:309:13-42
316            android:permission="com.google.android.wearable.permission.BIND_COMPLICATION_PROVIDER" >
316-->src/main/AndroidManifest.xml:310:13-99
317            <intent-filter>
317-->src/main/AndroidManifest.xml:277:13-279:29
318                <action android:name="android.support.wearable.complications.ACTION_COMPLICATION_UPDATE_REQUEST" />
318-->src/main/AndroidManifest.xml:278:17-116
318-->src/main/AndroidManifest.xml:278:25-113
319            </intent-filter>
320
321            <meta-data
321-->src/main/AndroidManifest.xml:281:13-283:45
322                android:name="android.support.wearable.complications.SUPPORTED_TYPES"
322-->src/main/AndroidManifest.xml:282:17-86
323                android:value="SHORT_TEXT" />
323-->src/main/AndroidManifest.xml:283:17-42
324            <meta-data
324-->src/main/AndroidManifest.xml:284:13-286:39
325                android:name="android.support.wearable.complications.UPDATE_PERIOD_SECONDS"
325-->src/main/AndroidManifest.xml:285:17-92
326                android:value="300" />
326-->src/main/AndroidManifest.xml:286:17-36
327        </service>
328        <service
328-->src/main/AndroidManifest.xml:323:9-338:19
329            android:name="info.nightscout.androidaps.complications.BrCobIobComplication"
329-->src/main/AndroidManifest.xml:324:13-63
330            android:icon="@drawable/ic_br_cob_iob"
330-->src/main/AndroidManifest.xml:325:13-51
331            android:label="BR, CoB &amp; IoB"
331-->src/main/AndroidManifest.xml:326:13-46
332            android:permission="com.google.android.wearable.permission.BIND_COMPLICATION_PROVIDER" >
332-->src/main/AndroidManifest.xml:327:13-99